<?xml version="1.0" encoding="UTF-8"?>
<!-- Generated by org.testng.reporters.JUnitReportReporter -->
<testsuite skipped="0" hostname="INL-HXDLTC2" name="com.qa.tests.PostAPITest" tests="1" failures="0" timestamp="16 Sep 2018 10:44:18 GMT" time="4.961" errors="0">
  <testcase name="postAPITest" time="4.961" classname="com.qa.tests.PostAPITest"/>
</testsuite> <!-- com.qa.tests.PostAPITest -->
