<?xml version="1.0" encoding="UTF-8"?>
<!-- Generated by org.testng.reporters.JUnitReportReporter -->
<testsuite skipped="0" hostname="INL-HXDLTC2" name="com.qa.tests.GetAPITest" tests="2" failures="0" timestamp="15 Sep 2018 15:17:18 GMT" time="4.538" errors="0">
  <testcase name="getAPITestWithoutHeaders" time="3.401" classname="com.qa.tests.GetAPITest"/>
  <testcase name="getAPITestWithHeader" time="1.137" classname="com.qa.tests.GetAPITest"/>
</testsuite> <!-- com.qa.tests.GetAPITest -->
