<?xml version="1.0" encoding="UTF-8"?>
<!-- Generated by org.testng.reporters.JUnitReportReporter -->
<testsuite skipped="0" hostname="INL-HXDLTC2" name="com.qa.tests.GetAPITest" tests="1" failures="0" timestamp="14 Sep 2018 17:21:05 GMT" time="3.186" errors="0">
  <testcase name="getAPITest" time="3.186" classname="com.qa.tests.GetAPITest"/>
</testsuite> <!-- com.qa.tests.GetAPITest -->
